Determining if the pthread_create exist failed with the following output:
Change Dir: /home/xuy/work/qtproject/myslam/Debug/CMakeFiles/CMakeTmp

Run Build Command:"/usr/bin/make" "cmTC_8e3b6/fast"
/usr/bin/make -f CMakeFiles/cmTC_8e3b6.dir/build.make CMakeFiles/cmTC_8e3b6.dir/build
make[1]: Entering directory '/home/xuy/work/qtproject/myslam/Debug/CMakeFiles/CMakeTmp'
Building C object CMakeFiles/cmTC_8e3b6.dir/CheckSymbolExists.c.o
/usr/bin/gcc    -fPIC    -o CMakeFiles/cmTC_8e3b6.dir/CheckSymbolExists.c.o   -c /home/xuy/work/qtproject/myslam/Debug/CMakeFiles/CMakeTmp/CheckSymbolExists.c
Linking C executable cmTC_8e3b6
/usr/bin/cmake -E cmake_link_script CMakeFiles/cmTC_8e3b6.dir/link.txt --verbose=1
/usr/bin/gcc  -fPIC     CMakeFiles/cmTC_8e3b6.dir/CheckSymbolExists.c.o  -o cmTC_8e3b6 -rdynamic 
CMakeFiles/cmTC_8e3b6.dir/CheckSymbolExists.c.o：在函数‘main’中：
CheckSymbolExists.c:(.text+0x1b)：对‘pthread_create’未定义的引用
collect2: error: ld returned 1 exit status
CMakeFiles/cmTC_8e3b6.dir/build.make:97: recipe for target 'cmTC_8e3b6' failed
make[1]: *** [cmTC_8e3b6] Error 1
make[1]: Leaving directory '/home/xuy/work/qtproject/myslam/Debug/CMakeFiles/CMakeTmp'
Makefile:126: recipe for target 'cmTC_8e3b6/fast' failed
make: *** [cmTC_8e3b6/fast] Error 2

File /home/xuy/work/qtproject/myslam/Debug/CMakeFiles/CMakeTmp/CheckSymbolExists.c:
/* */
#include <pthread.h>

int main(int argc, char** argv)
{
  (void)argv;
#ifndef pthread_create
  return ((int*)(&pthread_create))[argc];
#else
  (void)argc;
  return 0;
#endif
}

Determining if the function pthread_create exists in the pthreads failed with the following output:
Change Dir: /home/xuy/work/qtproject/myslam/Debug/CMakeFiles/CMakeTmp

Run Build Command:"/usr/bin/make" "cmTC_bc155/fast"
/usr/bin/make -f CMakeFiles/cmTC_bc155.dir/build.make CMakeFiles/cmTC_bc155.dir/build
make[1]: Entering directory '/home/xuy/work/qtproject/myslam/Debug/CMakeFiles/CMakeTmp'
Building C object CMakeFiles/cmTC_bc155.dir/CheckFunctionExists.c.o
/usr/bin/gcc    -fPIC -DCHECK_FUNCTION_EXISTS=pthread_create   -o CMakeFiles/cmTC_bc155.dir/CheckFunctionExists.c.o   -c /usr/share/cmake-3.5/Modules/CheckFunctionExists.c
Linking C executable cmTC_bc155
/usr/bin/cmake -E cmake_link_script CMakeFiles/cmTC_bc155.dir/link.txt --verbose=1
/usr/bin/gcc  -fPIC -DCHECK_FUNCTION_EXISTS=pthread_create    CMakeFiles/cmTC_bc155.dir/CheckFunctionExists.c.o  -o cmTC_bc155 -rdynamic -lpthreads 
/usr/bin/ld: 找不到 -lpthreads
collect2: error: ld returned 1 exit status
CMakeFiles/cmTC_bc155.dir/build.make:97: recipe for target 'cmTC_bc155' failed
make[1]: *** [cmTC_bc155] Error 1
make[1]: Leaving directory '/home/xuy/work/qtproject/myslam/Debug/CMakeFiles/CMakeTmp'
Makefile:126: recipe for target 'cmTC_bc155/fast' failed
make: *** [cmTC_bc155/fast] Error 2


